[2025-10-15 16:12:23] Starting database services...
[2025-10-15 16:12:23] ✅ SQL Server is already running
[2025-10-15 16:12:24] Checking database connectivity...
[2025-10-15 16:12:24] ✅ SQL Server port 1433 is accessible
[2025-10-15 16:12:24] Database service check completed
[2025-10-15 16:15:16] Starting database services...
[2025-10-15 16:15:16] ✅ SQL Server is already running
[2025-10-15 16:15:17] Checking database connectivity...
[2025-10-15 16:15:17] ✅ SQL Server port 1433 is accessible
[2025-10-15 16:15:17] Database service check completed
[2025-10-16 00:16:54] Starting database services...
[2025-10-16 00:16:54] ✅ SQL Server is already running
[2025-10-16 00:16:55] Checking database connectivity...
[2025-10-16 00:16:55] ✅ SQL Server port 1433 is accessible
[2025-10-16 00:16:55] Database service check completed
[2025-10-16 07:18:11] Starting database services...
[2025-10-16 07:18:11] ✅ SQL Server is already running
[2025-10-16 07:18:11] Checking database connectivity...
[2025-10-16 07:18:11] ✅ SQL Server port 1433 is accessible
[2025-10-16 07:18:11] Database service check completed
