[2025-10-16 00:18:52] 🚀 Starting Advanced GitHub streak automation - 5 commits
[2025-10-16 00:18:52] Creating commit #1...
[master (root-commit) cd1538c] docs: Daily development log and system status update
 1 file changed, 12 insertions(+)
 create mode 100644 daily_commits.txt
[2025-10-16 00:18:52] ✅ Commit #1 created successfully: docs: Daily development log and system status update
[2025-10-16 00:18:55] Creating commit #2...
[master 6b01516] refactor: Code quality improvements and formatting
 1 file changed, 8 insertions(+), 10 deletions(-)
[2025-10-16 00:18:55] ✅ Commit #2 created successfully: refactor: Code quality improvements and formatting
[2025-10-16 00:18:58] Creating commit #3...
[master 8810d41] docs: Project documentation and README updates
 1 file changed, 8 insertions(+), 8 deletions(-)
[2025-10-16 00:18:59] ✅ Commit #3 created successfully: docs: Project documentation and README updates
[2025-10-16 00:19:02] Creating commit #4...
[master 0aec671] perf: Performance optimization and monitoring
 1 file changed, 8 insertions(+), 8 deletions(-)
[2025-10-16 00:19:02] ✅ Commit #4 created successfully: perf: Performance optimization and monitoring
[2025-10-16 00:19:05] Creating commit #5...
[master 104e250] feat: Daily development workflow completion
 1 file changed, 9 insertions(+), 8 deletions(-)
[2025-10-16 00:19:05] ✅ Commit #5 created successfully: feat: Daily development workflow completion
[2025-10-16 00:19:08] Pushing 5 commits to GitHub...
error: src refspec main does not match any
error: failed to push some refs to 'origin'
[2025-10-16 00:19:08] ❌ Failed to push commits to GitHub
[2025-10-16 00:19:08] ❌ GitHub streak automation completed with push errors
[2025-10-16 00:19:08] Advanced GitHub streak automation finished
