[2025-10-15 16:12:26] Starting GPU monitoring service...
[2025-10-15 16:12:26] ✅ Found 1 GPU(s)
[2025-10-15 16:12:26] GPU 0:  NVIDIA GeForce RTX 3090 - Memory:  8595MB/ 24576MB - Utilization:  45%
[2025-10-15 16:12:26] Starting nvtop GPU monitor...
[2025-10-15 16:12:26] ✅ nvtop started with PID: 1218234
[2025-10-15 16:12:26] ℹ️ nvidia-ml-py not installed - install with: pip install nvidia-ml-py3
[2025-10-15 16:12:26] Starting background GPU monitoring...
[2025-10-15 16:12:26] ✅ Background GPU monitoring started with PID: 1218283
[2025-10-15 16:12:26] GPU monitoring service started successfully
[2025-10-15 16:12:26] GPU Status:
0, 54, 8442, 24576, 49
[2025-10-15 16:17:26] GPU Status:
0, 40, 8508, 24576, 49
[2025-10-15 16:22:26] GPU Status:
0, 46, 8457, 24576, 49
[2025-10-15 16:27:27] GPU Status:
0, 9, 8419, 24576, 47
[2025-10-15 16:32:27] GPU Status:
0, 9, 8406, 24576, 46
[2025-10-15 16:37:27] GPU Status:
0, 4, 8483, 24576, 48
[2025-10-15 16:42:27] GPU Status:
0, 9, 8370, 24576, 47
[2025-10-15 16:47:27] GPU Status:
0, 29, 8373, 24576, 46
[2025-10-15 16:52:27] GPU Status:
0, 16, 8306, 24576, 45
[2025-10-15 16:57:27] GPU Status:
0, 9, 8296, 24576, 45
[2025-10-15 17:02:27] GPU Status:
0, 11, 8563, 24576, 47
[2025-10-15 17:07:27] GPU Status:
0, 53, 8371, 24576, 44
[2025-10-15 17:12:27] GPU Status:
0, 54, 8347, 24576, 44
[2025-10-15 17:17:27] GPU Status:
0, 9, 8477, 24576, 44
[2025-10-15 17:22:28] GPU Status:
0, 8, 8400, 24576, 44
[2025-10-15 17:27:28] GPU Status:
0, 16, 8369, 24576, 46
[2025-10-15 17:32:28] GPU Status:
0, 26, 8273, 24576, 48
[2025-10-15 17:37:28] GPU Status:
0, 31, 8141, 24576, 48
[2025-10-15 17:42:28] GPU Status:
0, 49, 8125, 24576, 48
[2025-10-15 17:47:28] GPU Status:
0, 49, 8129, 24576, 48
[2025-10-15 17:52:28] GPU Status:
0, 27, 8125, 24576, 48
[2025-10-15 17:57:28] GPU Status:
0, 28, 8171, 24576, 48
[2025-10-15 18:02:28] GPU Status:
0, 26, 8156, 24576, 49
[2025-10-15 18:07:28] GPU Status:
0, 30, 8125, 24576, 48
[2025-10-15 18:12:28] GPU Status:
0, 27, 8125, 24576, 48
[2025-10-15 18:17:29] GPU Status:
0, 19, 8282, 24576, 48
[2025-10-15 18:22:29] GPU Status:
0, 25, 8125, 24576, 48
[2025-10-15 18:27:29] GPU Status:
0, 28, 8138, 24576, 48
[2025-10-15 18:32:29] GPU Status:
0, 28, 8350, 24576, 48
[2025-10-15 18:37:29] GPU Status:
0, 27, 8125, 24576, 48
[2025-10-15 18:42:29] GPU Status:
0, 38, 8138, 24576, 48
[2025-10-15 18:47:29] GPU Status:
0, 64, 8322, 24576, 48
[2025-10-15 18:52:29] GPU Status:
0, 51, 8125, 24576, 48
[2025-10-15 18:57:29] GPU Status:
0, 29, 8140, 24576, 48
[2025-10-15 19:02:29] GPU Status:
0, 31, 8361, 24576, 48
[2025-10-15 19:07:29] GPU Status:
0, 30, 8125, 24576, 48
[2025-10-15 19:12:30] GPU Status:
0, 28, 8129, 24576, 48
[2025-10-15 19:17:30] GPU Status:
0, 26, 8125, 24576, 48
[2025-10-15 19:22:30] GPU Status:
0, 30, 8128, 24576, 48
[2025-10-15 19:27:30] GPU Status:
0, 20, 8312, 24576, 48
[2025-10-15 19:32:30] GPU Status:
0, 29, 8154, 24576, 48
[2025-10-15 19:37:30] GPU Status:
0, 25, 8125, 24576, 48
[2025-10-15 19:42:30] GPU Status:
0, 39, 8334, 24576, 48
[2025-10-15 19:47:30] GPU Status:
0, 26, 8166, 24576, 48
[2025-10-15 19:52:30] GPU Status:
0, 28, 8131, 24576, 48
[2025-10-15 19:57:30] GPU Status:
0, 27, 8125, 24576, 48
[2025-10-15 20:02:30] GPU Status:
0, 25, 8125, 24576, 49
[2025-10-15 20:07:31] GPU Status:
0, 23, 8282, 24576, 48
[2025-10-15 20:12:31] GPU Status:
0, 29, 8125, 24576, 48
[2025-10-15 20:17:31] GPU Status:
0, 30, 8154, 24576, 48
[2025-10-15 20:22:31] GPU Status:
0, 40, 8320, 24576, 49
[2025-10-15 20:27:31] GPU Status:
0, 49, 8125, 24576, 48
[2025-10-15 20:32:31] GPU Status:
0, 50, 8129, 24576, 48
[2025-10-15 20:37:31] GPU Status:
0, 47, 8138, 24576, 49
[2025-10-15 20:42:31] GPU Status:
0, 29, 8138, 24576, 49
[2025-10-15 20:47:31] GPU Status:
0, 23, 8349, 24576, 48
[2025-10-15 20:52:31] GPU Status:
0, 26, 8125, 24576, 48
[2025-10-15 20:57:31] GPU Status:
0, 34, 8157, 24576, 49
[2025-10-15 21:02:32] GPU Status:
0, 26, 8125, 24576, 49
[2025-10-15 21:07:32] GPU Status:
0, 29, 8125, 24576, 49
[2025-10-15 21:12:32] GPU Status:
0, 33, 8322, 24576, 49
[2025-10-15 21:17:32] GPU Status:
0, 51, 8154, 24576, 49
[2025-10-15 21:22:32] GPU Status:
0, 24, 8122, 24576, 49
[2025-10-15 21:27:32] GPU Status:
0, 26, 8118, 24576, 49
[2025-10-15 21:32:32] GPU Status:
0, 40, 8118, 24576, 49
[2025-10-15 21:37:32] GPU Status:
0, 69, 8318, 24576, 49
[2025-10-15 21:42:32] GPU Status:
0, 39, 8118, 24576, 49
[2025-10-15 21:47:32] GPU Status:
0, 27, 8122, 24576, 49
[2025-10-15 21:52:32] GPU Status:
0, 26, 8135, 24576, 49
[2025-10-15 21:57:32] GPU Status:
0, 28, 8134, 24576, 50
[2025-10-15 22:02:33] GPU Status:
0, 30, 8148, 24576, 50
[2025-10-15 22:07:33] GPU Status:
0, 39, 8314, 24576, 49
[2025-10-15 22:12:33] GPU Status:
0, 30, 8119, 24576, 50
[2025-10-15 22:17:33] GPU Status:
0, 24, 8151, 24576, 50
[2025-10-15 22:22:33] GPU Status:
0, 26, 8119, 24576, 50
[2025-10-15 22:27:33] GPU Status:
0, 26, 8147, 24576, 49
[2025-10-15 22:32:33] GPU Status:
0, 31, 8123, 24576, 49
[2025-10-15 22:37:33] GPU Status:
0, 26, 8119, 24576, 49
[2025-10-15 22:42:33] GPU Status:
0, 49, 8119, 24576, 49
[2025-10-15 22:47:33] GPU Status:
0, 33, 8123, 24576, 49
[2025-10-15 22:52:34] GPU Status:
0, 28, 8119, 24576, 50
[2025-10-15 22:57:34] GPU Status:
0, 43, 8147, 24576, 49
[2025-10-15 23:02:34] GPU Status:
0, 44, 8151, 24576, 49
[2025-10-15 23:07:34] GPU Status:
0, 30, 8119, 24576, 49
[2025-10-15 23:12:34] GPU Status:
0, 26, 8119, 24576, 49
[2025-10-15 23:17:34] GPU Status:
0, 28, 8151, 24576, 49
[2025-10-15 23:22:34] GPU Status:
0, 29, 8354, 24576, 49
[2025-10-15 23:27:34] GPU Status:
0, 28, 8131, 24576, 50
[2025-10-15 23:32:34] GPU Status:
0, 28, 8148, 24576, 50
[2025-10-15 23:37:34] GPU Status:
0, 40, 8316, 24576, 50
[2025-10-15 23:42:34] GPU Status:
0, 27, 8119, 24576, 50
[2025-10-15 23:47:35] GPU Status:
0, 26, 8147, 24576, 50
[2025-10-15 23:52:35] GPU Status:
0, 21, 8316, 24576, 50
[2025-10-15 23:57:35] GPU Status:
0, 28, 8131, 24576, 50
[2025-10-16 00:02:35] GPU Status:
0, 51, 8131, 24576, 50
[2025-10-16 00:07:35] GPU Status:
0, 21, 8316, 24576, 49
[2025-10-16 00:12:35] GPU Status:
0, 54, 8119, 24576, 50
[2025-10-16 00:16:55] Starting GPU monitoring service...
[2025-10-16 00:16:55] ✅ Found 1 GPU(s)
[2025-10-16 00:16:55] GPU 0:  NVIDIA GeForce RTX 3090 - Memory:  8191MB/ 24576MB - Utilization:  23%
[2025-10-16 00:16:55] Starting nvtop GPU monitor...
[2025-10-16 00:16:55] ✅ nvtop started with PID: 2076924
[2025-10-16 00:16:55] ℹ️ nvidia-ml-py not installed - install with: pip install nvidia-ml-py3
[2025-10-16 00:16:55] Starting background GPU monitoring...
[2025-10-16 00:16:55] ✅ Background GPU monitoring started with PID: 2076968
[2025-10-16 00:16:55] GPU monitoring service started successfully
[2025-10-16 00:16:55] GPU Status:
0, 23, 8190, 24576, 49
[2025-10-16 00:17:35] GPU Status:
0, 56, 8181, 24576, 48
