[2025-10-16 00:16:55] Starting log management service...
[2025-10-16 00:16:55] Performing initial log management setup...
[2025-10-16 00:16:55] Cleaning up logs older than 30 days...
[2025-10-16 00:16:55] ✅ Old log cleanup completed
[2025-10-16 00:16:56] ✅ Disk usage is 72% (OK)
[2025-10-16 00:16:56] Current log file sizes:
[2025-10-16 00:16:56]   -rw-rw-r-- 1 udonsi-kalu udonsi-kalu 330 Oct 16 00:16 /home/udonsi-kalu/workspace/logs/log_management.log
[2025-10-16 00:16:56]   -rw-rw-r-- 1 udonsi-kalu udonsi-kalu 384 Oct 16 00:16 /home/udonsi-kalu/workspace/logs/qdrant.log
[2025-10-16 00:16:56]   -rw-rw-r-- 1 udonsi-kalu udonsi-kalu 11K Oct 16 00:16 /home/udonsi-kalu/workspace/logs/health_monitor.log
[2025-10-16 00:16:56]   -rw-rw-r-- 1 udonsi-kalu udonsi-kalu 122 Oct 16 00:16 /home/udonsi-kalu/workspace/logs/streamlit.log
[2025-10-16 00:16:56]   -rw-rw-r-- 1 udonsi-kalu udonsi-kalu 840 Oct 16 00:16 /home/udonsi-kalu/workspace/logs/database.log
[2025-10-16 00:16:56]   -rw-rw-r-- 1 udonsi-kalu udonsi-kalu 6.7K Oct 16 00:16 /home/udonsi-kalu/workspace/logs/gpu_monitor.log
[2025-10-16 00:16:56]   -rw-rw-r-- 1 udonsi-kalu udonsi-kalu 1.4K Oct 16 00:16 /home/udonsi-kalu/workspace/logs/streamlit_hub.log
[2025-10-16 00:16:56]   -rw-rw-r-- 1 udonsi-kalu udonsi-kalu 3.9M Oct 16 00:16 /home/udonsi-kalu/workspace/logs/rclone.log
[2025-10-16 00:16:56] Starting log monitoring service...
[2025-10-16 00:16:56] ✅ Log monitoring service started with PID: 2077077
[2025-10-16 00:16:56] Setting up logrotate configuration...
[2025-10-16 00:16:56] ✅ Log management service started successfully
[2025-10-16 00:16:56] Log files location: /home/udonsi-kalu/workspace/logs
[2025-10-16 00:16:56] Log rotation: Daily, keep 30 days
[2025-10-16 00:16:56] Max log size: 100MB before rotation
[2025-10-16 07:18:12] Starting log management service...
[2025-10-16 07:18:12] Performing initial log management setup...
[2025-10-16 07:18:12] Cleaning up logs older than 30 days...
[2025-10-16 07:18:12] ✅ Old log cleanup completed
[2025-10-16 07:18:12] ✅ Disk usage is 72% (OK)
[2025-10-16 07:18:12] Current log file sizes:
[2025-10-16 07:18:12]   -rw-rw-r-- 1 udonsi-kalu udonsi-kalu 2.1K Oct 16 07:18 /home/udonsi-kalu/workspace/logs/log_management.log
[2025-10-16 07:18:12]   -rw-rw-r-- 1 udonsi-kalu udonsi-kalu 651 Oct 16 07:18 /home/udonsi-kalu/workspace/logs/qdrant.log
[2025-10-16 07:18:12]   -rw-rw-r-- 1 udonsi-kalu udonsi-kalu 22K Oct 16 06:57 /home/udonsi-kalu/workspace/logs/health_monitor.log
[2025-10-16 07:18:12]   -rw-rw-r-- 1 udonsi-kalu udonsi-kalu 54 Oct 16 02:39 /home/udonsi-kalu/workspace/logs/health_alerts.log
[2025-10-16 07:18:12]   -rw-rw-r-- 1 udonsi-kalu udonsi-kalu 238 Oct 16 06:00 /home/udonsi-kalu/workspace/logs/github_streak_cron.log
[2025-10-16 07:18:12]   -rw-rw-r-- 1 udonsi-kalu udonsi-kalu 652 Oct 16 07:18 /home/udonsi-kalu/workspace/logs/streamlit.log
[2025-10-16 07:18:12]   -rw-rw-r-- 1 udonsi-kalu udonsi-kalu 1.1K Oct 16 07:18 /home/udonsi-kalu/workspace/logs/database.log
[2025-10-16 07:18:12]   -rw-rw-r-- 1 udonsi-kalu udonsi-kalu 16K Oct 16 07:18 /home/udonsi-kalu/workspace/logs/gpu_monitor.log
[2025-10-16 07:18:12]   -rw-rw-r-- 1 udonsi-kalu udonsi-kalu 2.3K Oct 16 07:18 /home/udonsi-kalu/workspace/logs/streamlit_hub.log
[2025-10-16 07:18:12]   -rw-rw-r-- 1 udonsi-kalu udonsi-kalu 7.0K Oct 16 06:00 /home/udonsi-kalu/workspace/logs/github_streak.log
[2025-10-16 07:18:12]   -rw-rw-r-- 1 udonsi-kalu udonsi-kalu 5.2M Oct 16 07:18 /home/udonsi-kalu/workspace/logs/rclone.log
[2025-10-16 07:18:12]   -rw-rw-r-- 1 udonsi-kalu udonsi-kalu 261 Oct 16 00:19 /home/udonsi-kalu/workspace/logs/github_streak_setup.log
[2025-10-16 07:18:12] Starting log monitoring service...
[2025-10-16 07:18:12] ✅ Log monitoring service started with PID: 21019
[2025-10-16 07:18:12] Setting up logrotate configuration...
[2025-10-16 07:18:12] ✅ Log management service started successfully
[2025-10-16 07:18:12] Log files location: /home/udonsi-kalu/workspace/logs
[2025-10-16 07:18:12] Log rotation: Daily, keep 30 days
[2025-10-16 07:18:12] Max log size: 100MB before rotation
[2025-10-20 00:18:23] Weekly log cleanup...
[2025-10-20 01:18:23] Weekly log cleanup...
[2025-10-20 02:18:23] Weekly log cleanup...
[2025-10-20 03:18:24] Weekly log cleanup...
[2025-10-20 04:18:24] Weekly log cleanup...
[2025-10-20 05:18:24] Weekly log cleanup...
[2025-10-20 06:18:24] Weekly log cleanup...
[2025-10-20 07:18:24] Weekly log cleanup...
[2025-10-20 08:18:24] Weekly log cleanup...
[2025-10-20 09:18:24] Weekly log cleanup...
[2025-10-20 10:18:25] Weekly log cleanup...
[2025-10-20 11:18:25] Weekly log cleanup...
[2025-10-20 12:18:25] Weekly log cleanup...
[2025-10-20 13:18:25] Weekly log cleanup...
[2025-10-20 14:18:25] Weekly log cleanup...
[2025-10-20 15:18:25] Weekly log cleanup...
[2025-10-20 16:18:25] Weekly log cleanup...
[2025-10-20 17:18:25] Weekly log cleanup...
[2025-10-20 18:18:26] Weekly log cleanup...
[2025-10-20 19:18:26] Weekly log cleanup...
[2025-10-20 20:18:26] Weekly log cleanup...
[2025-10-20 21:18:26] Weekly log cleanup...
[2025-10-20 22:18:26] Weekly log cleanup...
[2025-10-20 23:18:26] Weekly log cleanup...
